\BOOKMARK [0][-]{chapter*.1}{Contents}{}
\BOOKMARK [0][-]{chapter*.2}{List of Figures}{}
\BOOKMARK [0][-]{chapter*.3}{List of Tables}{}
\BOOKMARK [0][-]{chapter.1}{Introduction}{}
\BOOKMARK [1][-]{section.1.1}{Project purpose}{chapter.1}
\BOOKMARK [1][-]{section.1.2}{Challenges and problems}{chapter.1}
\BOOKMARK [1][-]{section.1.3}{The customer}{chapter.1}
\BOOKMARK [1][-]{section.1.4}{The group}{chapter.1}
\BOOKMARK [2][-]{subsection.1.4.1}{Group structure}{section.1.4}
\BOOKMARK [3][-]{subsubsection*.4}{Project Manager}{subsection.1.4.1}
\BOOKMARK [3][-]{subsubsection*.5}{Quality Assurance Control}{subsection.1.4.1}
\BOOKMARK [3][-]{subsubsection*.6}{Testing}{subsection.1.4.1}
\BOOKMARK [3][-]{subsubsection*.7}{Back-end and LDAP}{subsection.1.4.1}
\BOOKMARK [3][-]{subsubsection*.8}{UI and Repository}{subsection.1.4.1}
\BOOKMARK [3][-]{subsubsection*.9}{Report and Documentation}{subsection.1.4.1}
\BOOKMARK [1][-]{section.1.5}{Structure of the report}{chapter.1}
\BOOKMARK [0][-]{chapter.2}{Pre studies}{}
\BOOKMARK [1][-]{section.2.1}{Technologies}{chapter.2}
\BOOKMARK [1][-]{section.2.2}{Development methods}{chapter.2}
\BOOKMARK [2][-]{subsection.2.2.1}{Alternative development methods}{section.2.2}
\BOOKMARK [2][-]{subsection.2.2.2}{Our development method}{section.2.2}
\BOOKMARK [1][-]{section.2.3}{Libraries and Tools}{chapter.2}
\BOOKMARK [1][-]{section.2.4}{Alternative solutions}{chapter.2}
\BOOKMARK [2][-]{subsection.2.4.1}{JXplorer}{section.2.4}
\BOOKMARK [2][-]{subsection.2.4.2}{Argonne's LDAP browser/editor}{section.2.4}
\BOOKMARK [2][-]{subsection.2.4.3}{LDAP Browser from Symlabs}{section.2.4}
\BOOKMARK [2][-]{subsection.2.4.4}{Summary}{section.2.4}
\BOOKMARK [0][-]{chapter.3}{Problems with Luma 2.4}{}
\BOOKMARK [1][-]{section.3.1}{Problems}{chapter.3}
\BOOKMARK [1][-]{section.3.2}{Bugs}{chapter.3}
\BOOKMARK [1][-]{section.3.3}{Shortcomings}{chapter.3}
\BOOKMARK [1][-]{section.3.4}{Plugin system}{chapter.3}
\BOOKMARK [2][-]{subsection.3.4.1}{Plugin implementation}{section.3.4}
\BOOKMARK [2][-]{subsection.3.4.2}{Plugin system implementation}{section.3.4}
\BOOKMARK [0][-]{chapter.4}{Requirements}{}
\BOOKMARK [1][-]{section.4.1}{Functional requirements}{chapter.4}
\BOOKMARK [1][-]{section.4.2}{Non-functional requirements}{chapter.4}
\BOOKMARK [1][-]{section.4.3}{Requirements summary}{chapter.4}
\BOOKMARK [1][-]{section.4.4}{Use cases}{chapter.4}
\BOOKMARK [0][-]{chapter.5}{Planning}{}
\BOOKMARK [1][-]{section.5.1}{Milestones}{chapter.5}
\BOOKMARK [1][-]{section.5.2}{Risk analysis}{chapter.5}
\BOOKMARK [1][-]{section.5.3}{Architecture}{chapter.5}
\BOOKMARK [1][-]{section.5.4}{Product backlog}{chapter.5}
\BOOKMARK [1][-]{section.5.5}{Gantt and Task list}{chapter.5}
\BOOKMARK [0][-]{chapter.6}{Sprint overviews}{}
\BOOKMARK [1][-]{section.6.1}{Sprint 1}{chapter.6}
\BOOKMARK [2][-]{subsection.6.1.1}{Review}{section.6.1}
\BOOKMARK [1][-]{section.6.2}{Sprint 2}{chapter.6}
\BOOKMARK [2][-]{subsection.6.2.1}{Review}{section.6.2}
\BOOKMARK [1][-]{section.6.3}{Sprint 3}{chapter.6}
\BOOKMARK [2][-]{subsection.6.3.1}{Review}{section.6.3}
\BOOKMARK [1][-]{section.6.4}{Sprint 4}{chapter.6}
\BOOKMARK [2][-]{subsection.6.4.1}{Review}{section.6.4}
\BOOKMARK [1][-]{section.6.5}{Sprint 5}{chapter.6}
\BOOKMARK [2][-]{subsection.6.5.1}{Review}{section.6.5}
\BOOKMARK [1][-]{section.6.6}{Sprint 6}{chapter.6}
\BOOKMARK [2][-]{subsection.6.6.1}{Review}{section.6.6}
\BOOKMARK [0][-]{chapter.7}{Development}{}
\BOOKMARK [1][-]{section.7.1}{Main Window}{chapter.7}
\BOOKMARK [2][-]{subsection.7.1.1}{Sprint 1}{section.7.1}
\BOOKMARK [3][-]{subsubsection*.20}{Design}{subsection.7.1.1}
\BOOKMARK [3][-]{subsubsection*.21}{Implementation}{subsection.7.1.1}
\BOOKMARK [2][-]{subsection.7.1.2}{Sprint 4}{section.7.1}
\BOOKMARK [3][-]{subsubsection*.25}{Design}{subsection.7.1.2}
\BOOKMARK [3][-]{subsubsection*.27}{Implementation}{subsection.7.1.2}
\BOOKMARK [2][-]{subsection.7.1.3}{Sprint 5}{section.7.1}
\BOOKMARK [3][-]{subsubsection*.30}{Implementation}{subsection.7.1.3}
\BOOKMARK [2][-]{subsection.7.1.4}{Sprint 6}{section.7.1}
\BOOKMARK [3][-]{subsubsection*.32}{Implementation}{subsection.7.1.4}
\BOOKMARK [1][-]{section.7.2}{Settings system}{chapter.7}
\BOOKMARK [2][-]{subsection.7.2.1}{Sprint 1}{section.7.2}
\BOOKMARK [3][-]{subsubsection*.34}{Design}{subsection.7.2.1}
\BOOKMARK [3][-]{subsubsection*.35}{Implementation}{subsection.7.2.1}
\BOOKMARK [2][-]{subsection.7.2.2}{Sprint 2}{section.7.2}
\BOOKMARK [2][-]{subsection.7.2.3}{Sprint 5}{section.7.2}
\BOOKMARK [3][-]{subsubsection*.36}{Design}{subsection.7.2.3}
\BOOKMARK [3][-]{subsubsection*.37}{Implementation}{subsection.7.2.3}
\BOOKMARK [1][-]{section.7.3}{Server dialog}{chapter.7}
\BOOKMARK [2][-]{subsection.7.3.1}{Sprint 1}{section.7.3}
\BOOKMARK [2][-]{subsection.7.3.2}{Sprint 2}{section.7.3}
\BOOKMARK [2][-]{subsection.7.3.3}{Sprint 4}{section.7.3}
\BOOKMARK [2][-]{subsection.7.3.4}{Sprint 6}{section.7.3}
\BOOKMARK [1][-]{section.7.4}{Internationalization}{chapter.7}
\BOOKMARK [2][-]{subsection.7.4.1}{Sprint 1}{section.7.4}
\BOOKMARK [2][-]{subsection.7.4.2}{Sprint 2}{section.7.4}
\BOOKMARK [3][-]{subsubsection*.38}{Implementation}{subsection.7.4.2}
\BOOKMARK [2][-]{subsection.7.4.3}{Sprint 3}{section.7.4}
\BOOKMARK [2][-]{subsection.7.4.4}{Sprint 6}{section.7.4}
\BOOKMARK [1][-]{section.7.5}{Plugin system}{chapter.7}
\BOOKMARK [2][-]{subsection.7.5.1}{Sprint 1}{section.7.5}
\BOOKMARK [3][-]{subsubsection*.39}{The reimplementation of the PluginLoader}{subsection.7.5.1}
\BOOKMARK [3][-]{subsubsection*.43}{The reimplementation of configuring plugins}{subsection.7.5.1}
\BOOKMARK [2][-]{subsection.7.5.2}{Sprint 2}{section.7.5}
\BOOKMARK [3][-]{subsubsection*.44}{The implementation}{subsection.7.5.2}
\BOOKMARK [2][-]{subsection.7.5.3}{Sprint 3}{section.7.5}
\BOOKMARK [3][-]{subsubsection*.45}{Implementing plugin system as in Luma 2.4}{subsection.7.5.3}
\BOOKMARK [3][-]{subsubsection*.46}{A new and better implementation}{subsection.7.5.3}
\BOOKMARK [2][-]{subsection.7.5.4}{Sprint 4}{section.7.5}
\BOOKMARK [1][-]{section.7.6}{Browser plugin}{chapter.7}
\BOOKMARK [2][-]{subsection.7.6.1}{Sprint 2}{section.7.6}
\BOOKMARK [2][-]{subsection.7.6.2}{Sprint 3}{section.7.6}
\BOOKMARK [2][-]{subsection.7.6.3}{Sprint 4}{section.7.6}
\BOOKMARK [3][-]{subsubsection*.47}{Entry view}{subsection.7.6.3}
\BOOKMARK [3][-]{subsubsection*.48}{HTML templates}{subsection.7.6.3}
\BOOKMARK [2][-]{subsection.7.6.4}{Sprint 5}{section.7.6}
\BOOKMARK [2][-]{subsection.7.6.5}{Sprint 6}{section.7.6}
\BOOKMARK [2][-]{subsection.7.6.6}{Performance comparison with Luma 2.4}{section.7.6}
\BOOKMARK [1][-]{section.7.7}{Template plugin}{chapter.7}
\BOOKMARK [2][-]{subsection.7.7.1}{Sprint4}{section.7.7}
\BOOKMARK [2][-]{subsection.7.7.2}{Sprint5}{section.7.7}
\BOOKMARK [2][-]{subsection.7.7.3}{Sprint6}{section.7.7}
\BOOKMARK [1][-]{section.7.8}{Search Plugin}{chapter.7}
\BOOKMARK [2][-]{subsection.7.8.1}{Sprint 4}{section.7.8}
\BOOKMARK [3][-]{subsubsection*.49}{Design}{subsection.7.8.1}
\BOOKMARK [3][-]{subsubsection*.50}{Implementation}{subsection.7.8.1}
\BOOKMARK [3][-]{subsubsection*.52}{Testing}{subsection.7.8.1}
\BOOKMARK [2][-]{subsection.7.8.2}{Sprint 5}{section.7.8}
\BOOKMARK [3][-]{subsubsection*.53}{Design}{subsection.7.8.2}
\BOOKMARK [3][-]{subsubsection*.54}{Implementation}{subsection.7.8.2}
\BOOKMARK [2][-]{subsection.7.8.3}{Sprint 6}{section.7.8}
\BOOKMARK [3][-]{subsubsection*.58}{Implementation}{subsection.7.8.3}
\BOOKMARK [2][-]{subsection.7.8.4}{Summary}{section.7.8}
\BOOKMARK [1][-]{section.7.9}{Logging}{chapter.7}
\BOOKMARK [1][-]{section.7.10}{Back-end}{chapter.7}
\BOOKMARK [2][-]{subsection.7.10.1}{Sprint 6}{section.7.10}
\BOOKMARK [1][-]{section.7.11}{Installation}{chapter.7}
\BOOKMARK [2][-]{subsection.7.11.1}{Sprint 3}{section.7.11}
\BOOKMARK [3][-]{subsubsection*.59}{Settings, storage and file-paths}{subsection.7.11.1}
\BOOKMARK [3][-]{subsubsection*.60}{Implementation}{subsection.7.11.1}
\BOOKMARK [2][-]{subsection.7.11.2}{Sprint 6}{section.7.11}
\BOOKMARK [1][-]{section.7.12}{Luma Tool Chain}{chapter.7}
\BOOKMARK [2][-]{subsection.7.12.1}{Sprint 3}{section.7.12}
\BOOKMARK [3][-]{subsubsection*.61}{Compiling UI files to Python code}{subsection.7.12.1}
\BOOKMARK [2][-]{subsection.7.12.2}{Sprint 4}{section.7.12}
\BOOKMARK [3][-]{subsubsection*.62}{Updating the Luma Project file}{subsection.7.12.2}
\BOOKMARK [3][-]{subsubsection*.63}{Updating the Luma Resource file}{subsection.7.12.2}
\BOOKMARK [2][-]{subsection.7.12.3}{Sprint 5}{section.7.12}
\BOOKMARK [2][-]{subsection.7.12.4}{Sprint 6}{section.7.12}
\BOOKMARK [3][-]{subsubsection*.64}{Kickstarting Luma translation}{subsection.7.12.4}
\BOOKMARK [2][-]{subsection.7.12.5}{Summary}{section.7.12}
\BOOKMARK [0][-]{chapter.8}{Testing}{}
\BOOKMARK [1][-]{section.8.1}{White-box}{chapter.8}
\BOOKMARK [2][-]{subsection.8.1.1}{Unit-test}{section.8.1}
\BOOKMARK [1][-]{section.8.2}{Black-box}{chapter.8}
\BOOKMARK [2][-]{subsection.8.2.1}{Integration testing}{section.8.2}
\BOOKMARK [2][-]{subsection.8.2.2}{System testing}{section.8.2}
\BOOKMARK [1][-]{section.8.3}{Tests features}{chapter.8}
\BOOKMARK [1][-]{section.8.4}{Functional requirements testing}{chapter.8}
\BOOKMARK [0][-]{chapter.9}{Evaluation}{}
\BOOKMARK [1][-]{section.9.1}{Challenges summary}{chapter.9}
\BOOKMARK [1][-]{section.9.2}{Group structure}{chapter.9}
\BOOKMARK [1][-]{section.9.3}{Customer relations}{chapter.9}
\BOOKMARK [1][-]{section.9.4}{Development method}{chapter.9}
\BOOKMARK [1][-]{section.9.5}{Tools and utilities}{chapter.9}
\BOOKMARK [1][-]{section.9.6}{Social gatherings}{chapter.9}
\BOOKMARK [1][-]{section.9.7}{Further work}{chapter.9}
\BOOKMARK [2][-]{subsection.9.7.1}{Search plugin}{section.9.7}
\BOOKMARK [2][-]{subsection.9.7.2}{More plugins}{section.9.7}
\BOOKMARK [2][-]{subsection.9.7.3}{Installation packages}{section.9.7}
\BOOKMARK [0][-]{chapter.10}{Conclusion}{}
\BOOKMARK [1][-]{section.10.1}{Comparison of Luma 2.4 and Luma 3.0}{chapter.10}
\BOOKMARK [2][-]{subsection.10.1.1}{Comparing functional features}{section.10.1}
\BOOKMARK [2][-]{subsection.10.1.2}{Comparing non-functional features}{section.10.1}
\BOOKMARK [0][-]{chapter*.77}{Bibliography}{}
\BOOKMARK [0][-]{Appendix.a.A}{Appendix Official meetings}{}
\BOOKMARK [1][-]{section.a.A.1}{Meetings with customer}{Appendix.a.A}
\BOOKMARK [1][-]{section.a.A.2}{Meetings with supervisor}{Appendix.a.A}
\BOOKMARK [0][-]{Appendix.a.B}{Appendix Crash course in LDAP}{}
\BOOKMARK [1][-]{section.a.B.1}{What is LDAP}{Appendix.a.B}
\BOOKMARK [1][-]{section.a.B.2}{Directories and directory services}{Appendix.a.B}
\BOOKMARK [1][-]{section.a.B.3}{The LDAP information model}{Appendix.a.B}
\BOOKMARK [0][-]{Appendix.a.C}{Appendix Cross-platform GUI development}{}
\BOOKMARK [1][-]{section.a.C.1}{Human Interface Guidelines}{Appendix.a.C}
\BOOKMARK [1][-]{section.a.C.2}{The menu bar}{Appendix.a.C}
\BOOKMARK [2][-]{subsection.a.C.2.1}{Windows and the X Window System}{section.a.C.2}
\BOOKMARK [2][-]{subsection.a.C.2.2}{Mac OS}{section.a.C.2}
\BOOKMARK [1][-]{section.a.C.3}{Icons}{Appendix.a.C}
\BOOKMARK [0][-]{Appendix.a.D}{Appendix Cross-platform Python deployment}{}
\BOOKMARK [1][-]{section.a.D.1}{Available tools}{Appendix.a.D}
\BOOKMARK [2][-]{subsection.a.D.1.1}{Distutils}{section.a.D.1}
\BOOKMARK [2][-]{subsection.a.D.1.2}{Setuptools}{section.a.D.1}
\BOOKMARK [2][-]{subsection.a.D.1.3}{Py2exe}{section.a.D.1}
\BOOKMARK [2][-]{subsection.a.D.1.4}{Py2app}{section.a.D.1}
\BOOKMARK [2][-]{subsection.a.D.1.5}{PyInstaller}{section.a.D.1}
\BOOKMARK [0][-]{Appendix.a.E}{Appendix Luma User documentation}{}
\BOOKMARK [1][-]{section.a.E.1}{Available formats}{Appendix.a.E}
